project/robust_noise/exp_data/cifar10/baseline-noise-10000/rem8-4/rembaseline-ckpt-2000-def-noise.pkl

data/cifar10/baseline-noise-10000/rem8-4/rembaseline-ckpt-2000-def-noise.pkl

project/robust_noise/exp_data/cifar10/double-uniform-random-attack-random-pertub-noise-5000/rem8-4/random_attack-ckpt-4000-def-noise.pkl

data/cifar10/double-uniform-random-attack-random-pertub-noise-5000/rem8-4/random_attack-ckpt-4000-def-noise.pkl

project/robust_noise/exp_data/cifar10/baseline-noise/rem8-4/rembaseline-ckpt-5000-def-noise.pkl

data/cifar10/baseline-noise/rem8-4/rembaseline-ckpt-5000-def-noise.pkl

project/robust_noise/exp_data/cifar10/random-pertub-noise/rem8-4/random_attack-ckpt-2000-def-noise.pkl

data/cifar10/random-pertub-noise/rem8-4/random_attack-ckpt-2000-def-noise.pkl

project/robust_noise/exp_data/cifar10/double-uniform-random-attack-random-pertub-noise-5000/rem8-4/random_attack-ckpt-5000-def-noise.pkl

data/cifar10/double-uniform-random-attack-random-pertub-noise-5000/rem8-4/random_attack-ckpt-5000-def-noise.pkl

project/robust_noise/exp_data/cifar10/baseline-noise/rem8-4/rembaseline-ckpt-4000-def-noise.pkl

data/cifar10/baseline-noise/rem8-4/rembaseline-ckpt-4000-def-noise.pkl

project/robust_noise/exp_data/cifar10/double-uniform-random-attack-random-pertub-noise-5000/rem8-4/random_attack-fin-def-noise.pkl

data/cifar10/double-uniform-random-attack-random-pertub-noise-5000/rem8-4/random_attack-fin-def-noise.pkl

project/robust_noise/exp_data/cifar10/noise/rem8-4/rem-ckpt-1000-def-noise.pkl

data/cifar10/noise/rem8-4/rem-ckpt-1000-def-noise.pkl

project/robust_noise/exp_data/cifar10/baseline-noise/rem8-4/rembaseline-ckpt-2000-def-noise.pkl

data/cifar10/baseline-noise/rem8-4/rembaseline-ckpt-2000-def-noise.pkl

project/robust_noise/exp_data/cifar10/double-uniform-random-attack-random-pertub-noise-5000/rem8-4/random_attack-ckpt-3000-def-noise.pkl

data/cifar10/double-uniform-random-attack-random-pertub-noise-5000/rem8-4/random_attack-ckpt-3000-def-noise.pkl

project/robust_noise/exp_data/cifar10/random-pertub-noise/rem8-4/random_attack-ckpt-6000-def-noise.pkl

data/cifar10/random-pertub-noise/rem8-4/random_attack-ckpt-6000-def-noise.pkl

project/robust_noise/exp_data/cifar10/random-pertub-noise-10000/rem8-4/random_attack-ckpt-10000-def-noise.pkl

data/cifar10/random-pertub-noise-10000/rem8-4/random_attack-ckpt-10000-def-noise.pkl

project/robust_noise/exp_data/cifar10/baseline-noise/rem8-4/rembaseline-ckpt-3000-def-noise.pkl

data/cifar10/baseline-noise/rem8-4/rembaseline-ckpt-3000-def-noise.pkl

project/robust_noise/exp_data/cifar10/random-pertub-noise-10000/rem8-4/random_attack-ckpt-9000-def-noise.pkl

data/cifar10/random-pertub-noise-10000/rem8-4/random_attack-ckpt-9000-def-noise.pkl

project/robust_noise/exp_data/cifar10/baseline-noise-10000/rem8-4/rembaseline-ckpt-1000-def-noise.pkl

data/cifar10/baseline-noise-10000/rem8-4/rembaseline-ckpt-1000-def-noise.pkl

project/robust_noise/exp_data/cifar10/baseline-noise-10000/rem8-4/rembaseline-ckpt-3000-def-noise.pkl

data/cifar10/baseline-noise-10000/rem8-4/rembaseline-ckpt-3000-def-noise.pkl

project/robust_noise/exp_data/cifar10/random-pertub-noise-10000/rem8-4/random_attack-ckpt-8000-def-noise.pkl

data/cifar10/random-pertub-noise-10000/rem8-4/random_attack-ckpt-8000-def-noise.pkl

project/robust_noise/exp_data/cifar10/random-pertub-noise-10000/rem8-4/random_attack-ckpt-5000-def-noise.pkl

data/cifar10/random-pertub-noise-10000/rem8-4/random_attack-ckpt-5000-def-noise.pkl

project/robust_noise/exp_data/cifar10/double-uniform-random-attack-random-pertub-noise-5000/rem8-4/random_attack-ckpt-1000-def-noise.pkl

data/cifar10/double-uniform-random-attack-random-pertub-noise-5000/rem8-4/random_attack-ckpt-1000-def-noise.pkl

project/robust_noise/exp_data/cifar10/random-pertub-noise-10000/rem8-4/random_attack-ckpt-2000-def-noise.pkl

data/cifar10/random-pertub-noise-10000/rem8-4/random_attack-ckpt-2000-def-noise.pkl

project/robust_noise/exp_data/cifar10/random-pertub-noise-10000/rem8-4/random_attack-fin-def-noise.pkl

data/cifar10/random-pertub-noise-10000/rem8-4/random_attack-fin-def-noise.pkl

project/robust_noise/exp_data/cifar10/random-pertub-noise-10000/rem8-4/random_attack-ckpt-7000-def-noise.pkl

data/cifar10/random-pertub-noise-10000/rem8-4/random_attack-ckpt-7000-def-noise.pkl

project/robust_noise/exp_data/cifar10/random-pertub-noise/rem8-4/random_attack-ckpt-4000-def-noise.pkl

data/cifar10/random-pertub-noise/rem8-4/random_attack-ckpt-4000-def-noise.pkl

project/robust_noise/exp_data/cifar10/random-pertub-noise-10000/rem8-4/random_attack-ckpt-4000-def-noise.pkl

data/cifar10/random-pertub-noise-10000/rem8-4/random_attack-ckpt-4000-def-noise.pkl

project/robust_noise/exp_data/cifar10/random-pertub-noise-10000/rem8-4/random_attack-ckpt-6000-def-noise.pkl

data/cifar10/random-pertub-noise-10000/rem8-4/random_attack-ckpt-6000-def-noise.pkl

project/robust_noise/exp_data/cifar10/random-pertub-noise/rem8-4/random_attack-ckpt-1000-def-noise.pkl

data/cifar10/random-pertub-noise/rem8-4/random_attack-ckpt-1000-def-noise.pkl

project/robust_noise/exp_data/cifar10/baseline-noise/rem8-4/rembaseline-ckpt-1000-def-noise.pkl

data/cifar10/baseline-noise/rem8-4/rembaseline-ckpt-1000-def-noise.pkl

project/robust_noise/exp_data/cifar10/random-pertub-noise-10000/rem8-4/random_attack-ckpt-1000-def-noise.pkl

data/cifar10/random-pertub-noise-10000/rem8-4/random_attack-ckpt-1000-def-noise.pkl

project/robust_noise/exp_data/cifar10/baseline-noise-10000/rem8-4/rembaseline-ckpt-4000-def-noise.pkl

data/cifar10/baseline-noise-10000/rem8-4/rembaseline-ckpt-4000-def-noise.pkl

project/robust_noise/exp_data/cifar10/random-pertub-noise/rem8-4/random_attack-ckpt-5000-def-noise.pkl

data/cifar10/random-pertub-noise/rem8-4/random_attack-ckpt-5000-def-noise.pkl

project/robust_noise/exp_data/cifar10/random-pertub-noise-10000/rem8-4/random_attack-ckpt-3000-def-noise.pkl

data/cifar10/random-pertub-noise-10000/rem8-4/random_attack-ckpt-3000-def-noise.pkl

project/robust_noise/exp_data/cifar10/random-pertub-noise/rem8-4/random_attack-ckpt-3000-def-noise.pkl

data/cifar10/random-pertub-noise/rem8-4/random_attack-ckpt-3000-def-noise.pkl

project/robust_noise/exp_data/cifar10/double-uniform-random-attack-random-pertub-noise-5000/rem8-4/random_attack-ckpt-2000-def-noise.pkl

data/cifar10/double-uniform-random-attack-random-pertub-noise-5000/rem8-4/random_attack-ckpt-2000-def-noise.pkl

project/robust_noise/exp_data/cifar10/random-pertub-noise-10000/rem8-4/random_attack-ckpt-3000-model.pkl

data/cifar10/random-pertub-noise-10000/rem8-4/random_attack-ckpt-3000-model.pkl

project/robust_noise/exp_data/cifar10/random-pertub-noise-10000/rem8-4/random_attack-ckpt-4000-model.pkl

data/cifar10/random-pertub-noise-10000/rem8-4/random_attack-ckpt-4000-model.pkl

project/robust_noise/exp_data/cifar10/double-uniform-random-attack-random-pertub-noise-5000/rem8-4/random_attack-ckpt-1000-model.pkl

data/cifar10/double-uniform-random-attack-random-pertub-noise-5000/rem8-4/random_attack-ckpt-1000-model.pkl

project/robust_noise/exp_data/cifar10/random-pertub-noise-10000/rem8-4/random_attack-ckpt-1000-model.pkl

data/cifar10/random-pertub-noise-10000/rem8-4/random_attack-ckpt-1000-model.pkl

project/robust_noise/exp_data/cifar10/double-uniform-random-attack-random-pertub-noise-5000/rem8-4/random_attack-fin-model.pkl

project/robust_noise/exp_data/cifar10/double-uniform-random-attack-random-pertub-noise-5000/rem8-4/random_attack-ckpt-5000-model.pkl

data/cifar10/double-uniform-random-attack-random-pertub-noise-5000/rem8-4/random_attack-fin-model.pkl

data/cifar10/double-uniform-random-attack-random-pertub-noise-5000/rem8-4/random_attack-ckpt-5000-model.pkl

project/robust_noise/exp_data/cifar10/random-pertub-noise-10000/rem8-4/random_attack-ckpt-8000-model.pkl

data/cifar10/random-pertub-noise-10000/rem8-4/random_attack-ckpt-8000-model.pkl

project/robust_noise/exp_data/cifar10/random-pertub-noise/rem8-4/random_attack-ckpt-2000-model.pkl

data/cifar10/random-pertub-noise/rem8-4/random_attack-ckpt-2000-model.pkl

project/robust_noise/exp_data/cifar10/random-pertub-noise-10000/rem8-4/random_attack-fin-model.pkl

project/robust_noise/exp_data/cifar10/random-pertub-noise-10000/rem8-4/random_attack-ckpt-10000-model.pkl

data/cifar10/random-pertub-noise-10000/rem8-4/random_attack-fin-model.pkl

data/cifar10/random-pertub-noise-10000/rem8-4/random_attack-ckpt-10000-model.pkl

project/robust_noise/exp_data/cifar10/baseline-noise/rem8-4/rembaseline-ckpt-4000-model.pkl

data/cifar10/baseline-noise/rem8-4/rembaseline-ckpt-4000-model.pkl

project/robust_noise/exp_data/cifar10/double-uniform-random-attack-random-pertub-noise-5000/rem8-4/random_attack-ckpt-4000-model.pkl

data/cifar10/double-uniform-random-attack-random-pertub-noise-5000/rem8-4/random_attack-ckpt-4000-model.pkl

project/robust_noise/exp_data/cifar10/random-pertub-noise-10000/rem8-4/random_attack-ckpt-7000-model.pkl

data/cifar10/random-pertub-noise-10000/rem8-4/random_attack-ckpt-7000-model.pkl

project/robust_noise/exp_data/cifar10/random-pertub-noise/rem8-4/random_attack-ckpt-5000-model.pkl

data/cifar10/random-pertub-noise/rem8-4/random_attack-ckpt-5000-model.pkl

project/robust_noise/exp_data/cifar10/baseline-noise/rem8-4/rembaseline-ckpt-2000-model.pkl

data/cifar10/baseline-noise/rem8-4/rembaseline-ckpt-2000-model.pkl

project/robust_noise/exp_data/cifar10/random-pertub-noise/rem8-4/random_attack-ckpt-6000-model.pkl

data/cifar10/random-pertub-noise/rem8-4/random_attack-ckpt-6000-model.pkl

project/robust_noise/exp_data/cifar10/random-pertub-noise-10000/rem8-4/random_attack-ckpt-5000-model.pkl

data/cifar10/random-pertub-noise-10000/rem8-4/random_attack-ckpt-5000-model.pkl

project/robust_noise/exp_data/cifar10/baseline-noise-10000/rem8-4/rembaseline-ckpt-1000-model.pkl

data/cifar10/baseline-noise-10000/rem8-4/rembaseline-ckpt-1000-model.pkl

project/robust_noise/exp_data/cifar10/random-pertub-noise/rem8-4/random_attack-ckpt-3000-model.pkl

data/cifar10/random-pertub-noise/rem8-4/random_attack-ckpt-3000-model.pkl

project/robust_noise/exp_data/cifar10/baseline-noise/rem8-4/rembaseline-ckpt-5000-model.pkl

data/cifar10/baseline-noise/rem8-4/rembaseline-ckpt-5000-model.pkl

project/robust_noise/exp_data/cifar10/baseline-noise-10000/rem8-4/rembaseline-ckpt-4000-model.pkl

data/cifar10/baseline-noise-10000/rem8-4/rembaseline-ckpt-4000-model.pkl

project/robust_noise/exp_data/cifar10/baseline-noise-10000/rem8-4/rembaseline-ckpt-2000-model.pkl

data/cifar10/baseline-noise-10000/rem8-4/rembaseline-ckpt-2000-model.pkl

project/robust_noise/exp_data/cifar10/double-uniform-random-attack-random-pertub-noise-5000/rem8-4/random_attack-ckpt-2000-model.pkl

data/cifar10/double-uniform-random-attack-random-pertub-noise-5000/rem8-4/random_attack-ckpt-2000-model.pkl

project/robust_noise/exp_data/cifar10/random-pertub-noise/rem8-4/random_attack-ckpt-1000-model.pkl

data/cifar10/random-pertub-noise/rem8-4/random_attack-ckpt-1000-model.pkl

project/robust_noise/exp_data/cifar10/random-pertub-noise/rem8-4/random_attack-ckpt-4000-model.pkl

data/cifar10/random-pertub-noise/rem8-4/random_attack-ckpt-4000-model.pkl

project/robust_noise/exp_data/cifar10/baseline-noise/rem8-4/rembaseline-ckpt-3000-model.pkl

data/cifar10/baseline-noise/rem8-4/rembaseline-ckpt-3000-model.pkl

project/robust_noise/exp_data/cifar10/baseline-noise/rem8-4/rembaseline-ckpt-1000-model.pkl

data/cifar10/baseline-noise/rem8-4/rembaseline-ckpt-1000-model.pkl

project/robust_noise/exp_data/cifar10/random-pertub-noise-10000/rem8-4/random_attack-ckpt-9000-model.pkl

data/cifar10/random-pertub-noise-10000/rem8-4/random_attack-ckpt-9000-model.pkl

project/robust_noise/exp_data/cifar10/random-pertub-noise-10000/rem8-4/random_attack-ckpt-6000-model.pkl

data/cifar10/random-pertub-noise-10000/rem8-4/random_attack-ckpt-6000-model.pkl

project/robust_noise/exp_data/cifar10/double-uniform-random-attack-random-pertub/rem8-4/r4/random_attack_train-fin-model.pkl

data/cifar10/double-uniform-random-attack-random-pertub/rem8-4/r4/random_attack_train-fin-model.pkl

project/robust_noise/exp_data/cifar10/baseline-noise-10000/rem8-4/rembaseline-ckpt-3000-model.pkl

data/cifar10/baseline-noise-10000/rem8-4/rembaseline-ckpt-3000-model.pkl

project/robust_noise/exp_data/cifar10/random-pertub-noise-10000/rem8-4/random_attack-ckpt-2000-model.pkl

data/cifar10/random-pertub-noise-10000/rem8-4/random_attack-ckpt-2000-model.pkl

project/robust_noise/exp_data/cifar10/double-uniform-random-attack-random-pertub-noise-5000/rem8-4/random_attack-ckpt-3000-model.pkl

data/cifar10/double-uniform-random-attack-random-pertub-noise-5000/rem8-4/random_attack-ckpt-3000-model.pkl

project/robust_noise/exp_data/cifar10/noise/rem8-4/rem-ckpt-1000-model.pkl

data/cifar10/noise/rem8-4/rem-ckpt-1000-model.pkl

project/robust_noise/exp_data/mnist/noise-random-2/rem8-4/rem-fin-model.pkl

project/robust_noise/exp_data/mnist/noise-random/rem8-4/rem-fin-model.pkl

project/robust_noise/exp_data/mnist/noise-test/rem8-4/rem-fin-model.pkl

project/robust_noise/exp_data/mnist/noise-random/rem8-4/rem-fin-def-noise.pkl

project/robust_noise/exp_data/mnist/noise-random-2/rem8-4/rem-fin-def-noise.pkl

project/robust_noise/exp_data/mnist/noise-test/rem8-4/rem-fin-def-noise.pkl

